build/app/intermediates/manifest_merge_blame_file/debug/manifest-merger-blame-debug-report.txt
1<?xml version="1.0" encoding="utf-8"?>
2<manifest xmlns:android="http://schemas.android.com/apk/res/android"
3    package="br.com.advogadox.app"
4    android:versionCode="23"
5    android:versionName="1.0.13" >
6
7    <uses-sdk
8        android:minSdkVersion="17"
9        android:targetSdkVersion="29" />
10    <!--
11         Flutter needs it to communicate with the running application
12         to allow setting breakpoints, to provide hot reload, etc.
13    -->
14    <uses-permission android:name="android.permission.INTERNET" />
14-->src/main/AndroidManifest.xml:9:5-67
14-->src/main/AndroidManifest.xml:9:22-64
15    <uses-permission android:name="android.permission.ACCESS_WIFI_STATE" />
15-->src/main/AndroidManifest.xml:10:5-76
15-->src/main/AndroidManifest.xml:10:22-73
16    <uses-permission android:name="android.permission.ACCESS_NETWORK_STATE" />
16-->src/main/AndroidManifest.xml:11:5-79
16-->src/main/AndroidManifest.xml:11:22-76
17    <uses-permission android:name="android.permission.READ_EXTERNAL_STORAGE" />
17-->src/main/AndroidManifest.xml:12:5-80
17-->src/main/AndroidManifest.xml:12:22-77
18    <uses-permission android:name="android.permission.WRITE_EXTERNAL_STORAGE" />
18-->src/main/AndroidManifest.xml:13:5-81
18-->src/main/AndroidManifest.xml:13:22-78
19
20    <application
20-->src/main/AndroidManifest.xml:15:5-47:19
21        android:name="io.flutter.app.FlutterApplication"
21-->src/main/AndroidManifest.xml:16:9-57
22        android:appComponentFactory="androidx.core.app.CoreComponentFactory"
22-->[androidx.core:core:1.6.0] AndroidManifest.xml:24:18-86
23        android:debuggable="true"
24        android:icon="@mipmap/ic_launcher"
24-->src/main/AndroidManifest.xml:19:9-43
25        android:label="AdvogadoX"
25-->src/main/AndroidManifest.xml:17:9-34
26        android:networkSecurityConfig="@xml/network_security_config"
26-->src/main/AndroidManifest.xml:20:9-69
27        android:requestLegacyExternalStorage="true" >
27-->src/main/AndroidManifest.xml:18:9-52
28        <activity
28-->src/main/AndroidManifest.xml:23:9-38:20
29            android:name="br.com.advogadox.app.MainActivity"
29-->src/main/AndroidManifest.xml:24:13-41
30            android:configChanges="orientation|keyboardHidden|keyboard|screenSize|smallestScreenSize|locale|layoutDirection|fontScale|screenLayout|density|uiMode"
30-->src/main/AndroidManifest.xml:27:13-163
31            android:hardwareAccelerated="true"
31-->src/main/AndroidManifest.xml:28:13-47
32            android:launchMode="singleTop"
32-->src/main/AndroidManifest.xml:25:13-43
33            android:theme="@style/LaunchTheme"
33-->src/main/AndroidManifest.xml:26:13-47
34            android:windowSoftInputMode="adjustResize" >
34-->src/main/AndroidManifest.xml:29:13-55
35            <intent-filter>
35-->src/main/AndroidManifest.xml:30:13-33:29
36                <action android:name="android.intent.action.MAIN" />
36-->src/main/AndroidManifest.xml:31:17-68
36-->src/main/AndroidManifest.xml:31:25-66
37
38                <category android:name="android.intent.category.LAUNCHER" />
38-->src/main/AndroidManifest.xml:32:17-76
38-->src/main/AndroidManifest.xml:32:27-74
39            </intent-filter>
40            <intent-filter>
40-->src/main/AndroidManifest.xml:34:13-37:29
41                <action android:name="FLUTTER_NOTIFICATION_CLICK" />
41-->src/main/AndroidManifest.xml:35:17-69
41-->src/main/AndroidManifest.xml:35:25-66
42
43                <category android:name="android.intent.category.DEFAULT" />
43-->src/main/AndroidManifest.xml:36:17-76
43-->src/main/AndroidManifest.xml:36:27-73
44            </intent-filter>
45        </activity>
46        <activity android:name="com.apptreesoftware.flutterwebview.WebViewActivity" >
46-->src/main/AndroidManifest.xml:40:9-41:20
46-->src/main/AndroidManifest.xml:40:19-84
47        </activity>
48        <!--
49             Don't delete the meta-data below.
50             This is used by the Flutter tool to generate GeneratedPluginRegistrant.java
51        -->
52        <meta-data
52-->src/main/AndroidManifest.xml:44:9-46:33
53            android:name="flutterEmbedding"
53-->src/main/AndroidManifest.xml:45:13-44
54            android:value="2" />
54-->src/main/AndroidManifest.xml:46:13-30
55    </application>
56
57</manifest>